\BOOKMARK [0][-]{section*.1}{Indice}{}% 1
\BOOKMARK [0][-]{chapter.3}{Ripasso di Termodinamica}{}% 2
\BOOKMARK [1][-]{section.4}{Definizioni}{chapter.3}% 3
\BOOKMARK [2][-]{subsection.7}{Parametri termodinamici ed equilibrio}{section.4}% 4
\BOOKMARK [2][-]{subsection.13}{Il gas ideale}{section.4}% 5
\BOOKMARK [1][-]{section.17}{Il primo principio della termodinamica}{chapter.3}% 6
\BOOKMARK [2][-]{subsection.23}{Espansione libera di un gas ideale}{section.17}% 7
\BOOKMARK [2][-]{subsection.25}{Energia interna}{section.17}% 8
\BOOKMARK [2][-]{subsection.28}{Calori specifici}{section.17}% 9
\BOOKMARK [2][-]{subsection.33}{Trasformazioni adiabatiche}{section.17}% 10
\BOOKMARK [1][-]{section.39}{Il secondo principio della termodinamica}{chapter.3}% 11
\BOOKMARK [2][-]{subsection.40}{Il ciclo di Carnot}{section.39}% 12
\BOOKMARK [1][-]{section.48}{L'entropia termodinamica}{chapter.3}% 13
\BOOKMARK [1][-]{section.54}{I potenziali termodinamici}{chapter.3}% 14
\BOOKMARK [2][-]{subsection.63}{Le relazioni di Maxwell}{section.54}% 15
\BOOKMARK [1][-]{section.67}{Il potenziale chimico}{chapter.3}% 16
\BOOKMARK [1][-]{section.73}{Esercizi per il Capitolo 1}{chapter.3}% 17
\BOOKMARK [0][-]{chapter.84}{Le basi statistiche della termodinamica}{}% 18
\BOOKMARK [1][-]{section.85}{Macrostato e microstati}{chapter.84}% 19
\BOOKMARK [1][-]{section.88}{Primo contatto con la termodinamica}{chapter.84}% 20
\BOOKMARK [2][-]{subsection.98}{Volume e pressione}{section.88}% 21
\BOOKMARK [2][-]{subsection.104}{Il potenziale chimico}{section.88}% 22
\BOOKMARK [1][-]{section.110}{Il gas ideale}{chapter.84}% 23
\BOOKMARK [2][-]{subsection.114}{Particelle in una scatola}{section.110}% 24
\BOOKMARK [2][-]{subsection.124}{Il calcolo di }{section.110}% 25
\BOOKMARK [2][-]{subsection.127}{Volume e superficie di una sfera in n dimensioni}{section.110}% 26
\BOOKMARK [2][-]{subsection.139}{Continua il calcolo di }{section.110}% 27
\BOOKMARK [1][-]{section.153}{Entropia di mescolamento e paradosso di Gibbs}{chapter.84}% 28
\BOOKMARK [1][-]{section.168}{La numerazione corretta dei microstati}{chapter.84}% 29
\BOOKMARK [1][-]{section.170}{Esercizi per il Capitolo 2}{chapter.84}% 30
\BOOKMARK [0][-]{chapter.177}{Elementi di teoria degli ensembles}{}% 31
\BOOKMARK [1][-]{section.178}{Introduzione}{chapter.177}% 32
\BOOKMARK [1][-]{section.180}{Spazio delle fasi di un sistema classico}{chapter.177}% 33
\BOOKMARK [2][-]{subsection.188}{Il teorema di Liouville}{section.180}% 34
\BOOKMARK [1][-]{section.198}{L'ensemble microcanonico}{chapter.177}% 35
\BOOKMARK [2][-]{subsection.205}{Il gas ideale}{section.198}% 36
\BOOKMARK [2][-]{subsection.213}{L'oscillatore armonico}{section.198}% 37
\BOOKMARK [2][-]{subsection.222}{Un sistema di oscillatori armonici}{section.198}% 38
\BOOKMARK [2][-]{subsection.240}{La regola generale}{section.198}% 39
\BOOKMARK [1][-]{section.242}{Esercizi per il Capitolo 3}{chapter.177}% 40
\BOOKMARK [0][-]{chapter.251}{L'ensemble canonico}{}% 41
\BOOKMARK [1][-]{section.252}{Sistema all'equilibrio con una riserva termica}{chapter.251}% 42
\BOOKMARK [1][-]{section.258}{L'ensemble canonico}{chapter.251}% 43
\BOOKMARK [2][-]{subsection.263}{Il metodo del valore pi\371 probabile}{section.258}% 44
\BOOKMARK [2][-]{subsection.272}{Il metodo di Darwin\205Fowler}{section.258}% 45
\BOOKMARK [1][-]{section.321}{Significato fisico delle quantit\340 statistiche}{chapter.251}% 46
\BOOKMARK [1][-]{section.341}{Espressioni alternative per la funzione di partizione}{chapter.251}% 47
\BOOKMARK [1][-]{section.349}{Il gas ideale classico}{chapter.251}% 48
\BOOKMARK [1][-]{section.374}{Fluttuazioni dell'energia}{chapter.251}% 49
\BOOKMARK [1][-]{section.388}{Il teorema di equipartizione}{chapter.251}% 50
\BOOKMARK [1][-]{section.398}{Sistema di oscillatori armonici}{chapter.251}% 51
\BOOKMARK [1][-]{section.417}{La statistica del paramagnetismo}{chapter.251}% 52
\BOOKMARK [2][-]{subsection.423}{Paramagnetismo classico}{section.417}% 53
\BOOKMARK [2][-]{subsection.432}{Paramagnetismo quantistico}{section.417}% 54
\BOOKMARK [1][-]{section.452}{La distribuzione di Maxwell delle velocit\340}{chapter.251}% 55
\BOOKMARK [2][-]{subsection.463}{Velocit\340 pi\371 probabile, velocit\340 media}{section.452}% 56
\BOOKMARK [1][-]{section.469}{Considerazioni cinetiche}{chapter.251}% 57
\BOOKMARK [2][-]{subsection.473}{L'effusione di un gas}{section.469}% 58
\BOOKMARK [1][-]{section.478}{Potenziale esterno: un esempio}{chapter.251}% 59
\BOOKMARK [1][-]{section.484}{Esercizi per il Capitolo 4}{chapter.251}% 60
\BOOKMARK [0][-]{chapter.492}{L'ensemble grancanonico}{}% 61
\BOOKMARK [1][-]{section.493}{Contatto con una riserva}{chapter.492}% 62
\BOOKMARK [1][-]{section.498}{L'ensemble grancanonico}{chapter.492}% 63
\BOOKMARK [1][-]{section.503}{Significato fisico delle quantit\340 statistiche}{chapter.492}% 64
\BOOKMARK [1][-]{section.519}{Esempi}{chapter.492}% 65
\BOOKMARK [2][-]{subsection.535}{Equilibrio solido\205vapore}{section.519}% 66
\BOOKMARK [1][-]{section.544}{Fluttuazioni}{chapter.492}% 67
\BOOKMARK [1][-]{section.558}{Ritorno sul potenziale esterno}{chapter.492}% 68
\BOOKMARK [1][-]{section.573}{Esercizi per il Capitolo 5}{chapter.492}% 69
\BOOKMARK [0][-]{chapter.577}{Sistemi interagenti: un'introduzione}{}% 70
\BOOKMARK [1][-]{section.579}{Espansione in cluster di un gas classico}{chapter.577}% 71
\BOOKMARK [2][-]{subsection.616}{L'equazione di van der Waals}{section.579}% 72
\BOOKMARK [0][-]{chapter.622}{Costruzione della Statistica Quantistica}{}% 73
\BOOKMARK [1][-]{section.623}{La matrice densit\340}{chapter.622}% 74
\BOOKMARK [1][-]{section.639}{Ensembles quantistici}{chapter.622}% 75
\BOOKMARK [2][-]{subsection.640}{Microcanonico}{section.639}% 76
\BOOKMARK [2][-]{subsection.648}{Canonico}{section.639}% 77
\BOOKMARK [2][-]{subsection.656}{Grancanonico}{section.639}% 78
\BOOKMARK [1][-]{section.659}{Esempi}{chapter.622}% 79
\BOOKMARK [2][-]{subsection.660}{Elettrone in un campo magnetico}{section.659}% 80
\BOOKMARK [2][-]{subsection.665}{Particella libera in una scatola}{section.659}% 81
\BOOKMARK [1][-]{section.683}{Gas ideale quantistico}{chapter.622}% 82
\BOOKMARK [1][-]{section.699}{La matrice densit\340 canonica di un gas quantistico ideale}{chapter.622}% 83
\BOOKMARK [1][-]{section.723}{Il potenziale statistico}{chapter.622}% 84
\BOOKMARK [0][-]{chapter.733}{Gas ideali quantistici}{}% 85
\BOOKMARK [1][-]{section.734}{Gas ideale nel microcanonico quantistico}{chapter.733}% 86
\BOOKMARK [2][-]{subsection.735}{Divisione in celle di energia}{section.734}% 87
\BOOKMARK [2][-]{subsection.740}{Distribuzione di Bose\205Einstein}{section.734}% 88
\BOOKMARK [2][-]{subsection.743}{Distribuzione di Fermi\205Dirac}{section.734}% 89
\BOOKMARK [2][-]{subsection.746}{Distribuzione di Maxwell\205Boltzmann \(caso classico\)}{section.734}% 90
\BOOKMARK [2][-]{subsection.748}{Il calcolo dell'entropia}{section.734}% 91
\BOOKMARK [2][-]{subsection.756}{Il calcolo di ni*}{section.734}% 92
\BOOKMARK [2][-]{subsection.763}{Quantit\340 termodinamiche}{section.734}% 93
\BOOKMARK [1][-]{section.770}{Gas ideali quantistici nel canonico e nel grancanonico}{chapter.733}% 94
\BOOKMARK [1][-]{section.788}{Statistica dei numeri d'occupazione}{chapter.733}% 95
\BOOKMARK [1][-]{section.794}{Rivisitazione delle considerazioni cinetiche}{chapter.733}% 96
\BOOKMARK [0][-]{chapter.805}{Sistemi ideali di Bose\205Einstein}{}% 97
\BOOKMARK [1][-]{section.806}{Equazioni fondamentali per un gas ideale di Bose\205Einstein}{chapter.805}% 98
\BOOKMARK [1][-]{section.819}{Espansione del viriale}{chapter.805}% 99
\BOOKMARK [1][-]{section.834}{Transizione di fase di Bose\205Einstein}{chapter.805}% 100
\BOOKMARK [1][-]{section.846}{Termodinamica del gas ideale di Bose}{chapter.805}% 101
\BOOKMARK [2][-]{subsection.847}{La pressione}{section.846}% 102
\BOOKMARK [2][-]{subsection.854}{Il calore specifico}{section.846}% 103
\BOOKMARK [2][-]{subsection.870}{Isoterme e adiabatiche}{section.846}% 104
\BOOKMARK [1][-]{section.880}{La radiazione di corpo nero}{chapter.805}% 105
\BOOKMARK [2][-]{subsection.882}{La teoria di Planck}{section.880}% 106
\BOOKMARK [2][-]{subsection.886}{Il punto di vista di Bose}{section.880}% 107
\BOOKMARK [2][-]{subsection.894}{Una visione globale \350 necessaria}{section.880}% 108
\BOOKMARK [1][-]{section.910}{Il calore specifico dei solidi}{chapter.805}% 109
\BOOKMARK [2][-]{subsection.921}{Il modello di Einstein}{section.910}% 110
\BOOKMARK [2][-]{subsection.928}{Il modello di Debye}{section.910}% 111
\BOOKMARK [0][-]{chapter.939}{Sistemi ideali di Fermi\205Dirac}{}% 112
\BOOKMARK [1][-]{section.940}{Equazioni fondamentali per un gas ideale di Fermi}{chapter.939}% 113
\BOOKMARK [1][-]{section.946}{Espansione del viriale}{chapter.939}% 114
\BOOKMARK [1][-]{section.949}{Il limite di degenerazione}{chapter.939}% 115
\BOOKMARK [1][-]{section.960}{Espansione a bassa temperatura}{chapter.939}% 116
\BOOKMARK [1][-]{section.971}{Fenomeni magnetici in un gas di Fermi ideale}{chapter.939}% 117
\BOOKMARK [2][-]{subsection.972}{Paramagnetismo di Pauli}{section.971}% 118
\BOOKMARK [2][-]{subsection.997}{Diamagnetismo di Landau}{section.971}% 119
\BOOKMARK [0][-]{chapter.998}{Il modello di Ising}{}% 120
\BOOKMARK [1][-]{section.1005}{Il modello in una dimensione}{chapter.998}% 121
\BOOKMARK [2][-]{subsection.1006}{Espansione ad alta temperatura}{section.1005}% 122
\BOOKMARK [2][-]{subsection.1014}{La matrice di trasferimento}{section.1005}% 123
\BOOKMARK [1][-]{section.1026}{Approssimazione di campo medio}{chapter.998}% 124
\BOOKMARK [2][-]{subsection.1042}{Un modo alternativo}{section.1026}% 125
\BOOKMARK [2][-]{subsection.1049}{Soluzioni dell'equazione di campo medio}{section.1026}% 126
\BOOKMARK [2][-]{subsection.1063}{Un modello esattamente risolubile}{section.1026}% 127
\BOOKMARK [0][-]{appendix.1075}{Appendice matemarica}{}% 128
\BOOKMARK [1][-]{section.1076}{Alcune funzioni e formule utili}{appendix.1075}% 129
\BOOKMARK [2][-]{subsection.1077}{La funzione }{section.1076}% 130
\BOOKMARK [2][-]{subsection.1091}{La formula di Stirling}{section.1076}% 131
\BOOKMARK [2][-]{subsection.1094}{Il teorema multinomiale}{section.1076}% 132
